<?xml version="1.0" encoding="UTF-8"?>
<!-- Generated by org.testng.reporters.JUnitXMLReporter -->
<testsuite ignored="1" hostname="MSI" failures="2" tests="3" name="PackageTest" time="43.225" errors="0" timestamp="2024-09-26T15:34:57 ICT">
  <testcase classname="test.RunTest" name="test1" time="3.66">
    <failure type="java.lang.AssertionError" message="expected [Signed in successfully.] but found [Invalid Email or password.]">
      <![CDATA[java.lang.AssertionError: expected [Signed in successfully.] but found [Invalid Email or password.]
at test.RunTest.test1(RunTest.java:56)
at java.base/java.util.ArrayList.forEach(ArrayList.java:1597)
... Removed 35 stack frames]]>
    </failure>
  </testcase> <!-- test1 -->
  <testcase classname="test.RunTest" name="test1" time="4.984">
    <failure type="java.lang.AssertionError" message="expected [Signed in successfully.] but found [Invalid Email or password.]">
      <![CDATA[java.lang.AssertionError: expected [Signed in successfully.] but found [Invalid Email or password.]
at test.RunTest.test1(RunTest.java:56)
at java.base/java.util.ArrayList.forEach(ArrayList.java:1597)
... Removed 35 stack frames]]>
    </failure>
  </testcase> <!-- test1 -->
  <testcase classname="test.RunTest" name="test1" time="6.322"/>
  <testcase classname="test.RunTest" name="test2" time="0.0">
    <ignored/>
  </testcase> <!-- test2 -->
</testsuite> <!-- PackageTest -->
