<?xml version="1.0" encoding="UTF-8"?>
<testng-results ignored="0" total="3" passed="3" failed="0" skipped="0">
  <reporter-output>
  </reporter-output>
  <suite started-at="2024-09-19T16:35:47 ICT" name="Suite1" finished-at="2024-09-19T16:36:29 ICT" duration-ms="41635">
    <groups>
    </groups>
    <test started-at="2024-09-19T16:35:47 ICT" name="PackageTest" finished-at="2024-09-19T16:36:29 ICT" duration-ms="41635">
      <class name="test.RunTest">
        <test-method is-config="true" signature="testSetUp()[pri:0, instance:test.RunTest@59662a0b]" started-at="2024-09-19T16:35:47 ICT" name="testSetUp" finished-at="2024-09-19T16:35:55 ICT" duration-ms="7701" status="PASS">
          <reporter-output>
          </reporter-output>
        </test-method> <!-- testSetUp -->
        <test-method signature="test2(java.lang.String,java.lang.String)[pri:0, instance:test.RunTest@59662a0b]" started-at="2024-09-19T16:35:55 ICT" name="test2" data-provider="test2" finished-at="2024-09-19T16:36:02 ICT" duration-ms="7051" status="PASS">
          <params>
            <param index="0">
              <value>
                <![CDATA[minionmatbua@gmail]]>
              </value>
            </param>
            <param index="1">
              <value>
                <![CDATA[123456]]>
              </value>
            </param>
          </params>
          <reporter-output>
          </reporter-output>
        </test-method> <!-- test2 -->
        <test-method is-config="true" signature="testSetUp()[pri:0, instance:test.RunTest@59662a0b]" started-at="2024-09-19T16:36:02 ICT" name="testSetUp" finished-at="2024-09-19T16:36:09 ICT" duration-ms="6929" status="PASS">
          <reporter-output>
          </reporter-output>
        </test-method> <!-- testSetUp -->
        <test-method signature="test2(java.lang.String,java.lang.String)[pri:0, instance:test.RunTest@59662a0b]" started-at="2024-09-19T16:36:09 ICT" name="test2" data-provider="test2" finished-at="2024-09-19T16:36:16 ICT" duration-ms="7214" status="PASS">
          <params>
            <param index="0">
              <value>
                <![CDATA[minionmatbua@gmail.com]]>
              </value>
            </param>
            <param index="1">
              <value>
                <![CDATA[12345]]>
              </value>
            </param>
          </params>
          <reporter-output>
          </reporter-output>
        </test-method> <!-- test2 -->
        <test-method is-config="true" signature="testSetUp()[pri:0, instance:test.RunTest@59662a0b]" started-at="2024-09-19T16:36:16 ICT" name="testSetUp" finished-at="2024-09-19T16:36:23 ICT" duration-ms="6871" status="PASS">
          <reporter-output>
          </reporter-output>
        </test-method> <!-- testSetUp -->
        <test-method signature="test2(java.lang.String,java.lang.String)[pri:0, instance:test.RunTest@59662a0b]" started-at="2024-09-19T16:36:23 ICT" name="test2" data-provider="test2" finished-at="2024-09-19T16:36:29 ICT" duration-ms="5849" status="PASS">
          <params>
            <param index="0">
              <value>
                <![CDATA[minionmatbua@gmail.com]]>
              </value>
            </param>
            <param index="1">
              <value>
                <![CDATA[12345678]]>
              </value>
            </param>
          </params>
          <reporter-output>
          </reporter-output>
        </test-method> <!-- test2 -->
      </class> <!-- test.RunTest -->
    </test> <!-- PackageTest -->
  </suite> <!-- Suite1 -->
</testng-results>
