<?xml version="1.0" encoding="UTF-8"?>
<testng-results ignored="0" total="3" passed="3" failed="0" skipped="0">
  <reporter-output>
  </reporter-output>
  <suite started-at="2024-09-19T16:52:22 ICT" name="Suite1" finished-at="2024-09-19T16:53:05 ICT" duration-ms="43368">
    <groups>
    </groups>
    <test started-at="2024-09-19T16:52:22 ICT" name="PackageTest" finished-at="2024-09-19T16:53:05 ICT" duration-ms="43368">
      <class name="test.RunTest">
        <test-method is-config="true" signature="testSetUp()[pri:0, instance:test.RunTest@4efbca5a]" started-at="2024-09-19T16:52:22 ICT" name="testSetUp" finished-at="2024-09-19T16:52:30 ICT" duration-ms="8293" status="PASS">
          <reporter-output>
          </reporter-output>
        </test-method> <!-- testSetUp -->
        <test-method signature="test2(java.lang.String,java.lang.String)[pri:0, instance:test.RunTest@4efbca5a]" started-at="2024-09-19T16:52:30 ICT" name="test2" data-provider="test2" finished-at="2024-09-19T16:52:37 ICT" duration-ms="6207" status="PASS">
          <params>
            <param index="0">
              <value>
                <![CDATA[minionmatbua@gmail]]>
              </value>
            </param>
            <param index="1">
              <value>
                <![CDATA[123456]]>
              </value>
            </param>
          </params>
          <reporter-output>
          </reporter-output>
        </test-method> <!-- test2 -->
        <test-method is-config="true" signature="testSetUp()[pri:0, instance:test.RunTest@4efbca5a]" started-at="2024-09-19T16:52:37 ICT" name="testSetUp" finished-at="2024-09-19T16:52:45 ICT" duration-ms="8145" status="PASS">
          <reporter-output>
          </reporter-output>
        </test-method> <!-- testSetUp -->
        <test-method signature="test2(java.lang.String,java.lang.String)[pri:0, instance:test.RunTest@4efbca5a]" started-at="2024-09-19T16:52:45 ICT" name="test2" data-provider="test2" finished-at="2024-09-19T16:52:51 ICT" duration-ms="6732" status="PASS">
          <params>
            <param index="0">
              <value>
                <![CDATA[minionmatbua@gmail.com]]>
              </value>
            </param>
            <param index="1">
              <value>
                <![CDATA[12345]]>
              </value>
            </param>
          </params>
          <reporter-output>
          </reporter-output>
        </test-method> <!-- test2 -->
        <test-method is-config="true" signature="testSetUp()[pri:0, instance:test.RunTest@4efbca5a]" started-at="2024-09-19T16:52:51 ICT" name="testSetUp" finished-at="2024-09-19T16:52:59 ICT" duration-ms="7653" status="PASS">
          <reporter-output>
          </reporter-output>
        </test-method> <!-- testSetUp -->
        <test-method signature="test2(java.lang.String,java.lang.String)[pri:0, instance:test.RunTest@4efbca5a]" started-at="2024-09-19T16:52:59 ICT" name="test2" data-provider="test2" finished-at="2024-09-19T16:53:05 ICT" duration-ms="6317" status="PASS">
          <params>
            <param index="0">
              <value>
                <![CDATA[minionmatbua@gmail.com]]>
              </value>
            </param>
            <param index="1">
              <value>
                <![CDATA[12345678]]>
              </value>
            </param>
          </params>
          <reporter-output>
          </reporter-output>
        </test-method> <!-- test2 -->
      </class> <!-- test.RunTest -->
    </test> <!-- PackageTest -->
  </suite> <!-- Suite1 -->
</testng-results>
